<?xml version="1.0" encoding="UTF-8"?>
<testng-results ignored="1" total="3" passed="2" failed="0" skipped="0">
  <reporter-output>
  </reporter-output>
  <suite started-at="2025-07-20T13:39:05 IST" name="Selenium Test Suite" finished-at="2025-07-20T13:39:25 IST" duration-ms="20205">
    <groups>
    </groups>
    <test started-at="2025-07-20T13:39:05 IST" name="loginNewUser" finished-at="2025-07-20T13:39:25 IST" duration-ms="20205">
      <class name="com.DemoWebShop.test.TestRegisterNewUser">
        <test-method is-config="true" signature="setUp()[pri:0, instance:com.DemoWebShop.test.TestRegisterNewUser@41a2befb]" started-at="2025-07-20T13:39:05 IST" name="setUp" finished-at="2025-07-20T13:39:11 IST" duration-ms="6109" status="PASS">
          <reporter-output>
          </reporter-output>
        </test-method> <!-- setUp -->
        <test-method signature="loginNewUser()[pri:0, instance:com.DemoWebShop.test.TestRegisterNewUser@41a2befb]" started-at="2025-07-20T13:39:11 IST" name="loginNewUser" finished-at="2025-07-20T13:39:13 IST" duration-ms="1809" status="PASS">
          <reporter-output>
          </reporter-output>
        </test-method> <!-- loginNewUser -->
        <test-method is-config="true" signature="postTestAction(org.testng.ITestResult)[pri:0, instance:com.DemoWebShop.test.TestRegisterNewUser@41a2befb]" started-at="2025-07-20T13:39:13 IST" name="postTestAction" finished-at="2025-07-20T13:39:13 IST" duration-ms="2" status="PASS">
          <params>
            <param index="0">
              <value>
                <![CDATA[[TestResult name=loginNewUser status=SUCCESS method=TestRegisterNewUser.loginNewUser()[pri:0, instance:com.DemoWebShop.test.TestRegisterNewUser@41a2befb] output={null}]]]>
              </value>
            </param>
          </params>
          <reporter-output>
          </reporter-output>
        </test-method> <!-- postTestAction -->
        <test-method is-config="true" signature="tearDown()[pri:0, instance:com.DemoWebShop.test.TestRegisterNewUser@41a2befb]" started-at="2025-07-20T13:39:13 IST" name="tearDown" finished-at="2025-07-20T13:39:14 IST" duration-ms="363" status="PASS">
          <reporter-output>
          </reporter-output>
        </test-method> <!-- tearDown -->
      </class> <!-- com.DemoWebShop.test.TestRegisterNewUser -->
      <class name="com.DemoWebShop.test.TestAddBookInCart">
        <test-method is-config="true" signature="setUp()[pri:0, instance:com.DemoWebShop.test.TestAddBookInCart@2df3b89c]" started-at="2025-07-20T13:39:14 IST" name="setUp" finished-at="2025-07-20T13:39:18 IST" duration-ms="4671" status="PASS">
          <reporter-output>
          </reporter-output>
        </test-method> <!-- setUp -->
        <test-method signature="addBookInCart(java.lang.String,java.lang.String)[pri:0, instance:com.DemoWebShop.test.TestAddBookInCart@2df3b89c]" started-at="2025-07-20T13:39:18 IST" name="addBookInCart" finished-at="2025-07-20T13:39:25 IST" duration-ms="7039" status="PASS">
          <params>
            <param index="0">
              <value>
                <![CDATA[johnwick@killer.com]]>
              </value>
            </param>
            <param index="1">
              <value>
                <![CDATA[JohnWick@007]]>
              </value>
            </param>
          </params>
          <reporter-output>
          </reporter-output>
        </test-method> <!-- addBookInCart -->
        <test-method is-config="true" signature="postTestAction(org.testng.ITestResult)[pri:0, instance:com.DemoWebShop.test.TestAddBookInCart@2df3b89c]" started-at="2025-07-20T13:39:25 IST" name="postTestAction" finished-at="2025-07-20T13:39:25 IST" duration-ms="1" status="PASS">
          <params>
            <param index="0">
              <value>
                <![CDATA[[TestResult name=addBookInCart status=SUCCESS method=TestAddBookInCart.addBookInCart(java.lang.String,java.lang.String)[pri:0, instance:com.DemoWebShop.test.TestAddBookInCart@2df3b89c] output={null}]]]>
              </value>
            </param>
          </params>
          <reporter-output>
          </reporter-output>
        </test-method> <!-- postTestAction -->
        <test-method is-config="true" signature="tearDown()[pri:0, instance:com.DemoWebShop.test.TestAddBookInCart@2df3b89c]" started-at="2025-07-20T13:39:25 IST" name="tearDown" finished-at="2025-07-20T13:39:25 IST" duration-ms="174" status="PASS">
          <reporter-output>
          </reporter-output>
        </test-method> <!-- tearDown -->
      </class> <!-- com.DemoWebShop.test.TestAddBookInCart -->
    </test> <!-- loginNewUser -->
  </suite> <!-- Selenium Test Suite -->
</testng-results>
