<?xml version="1.0" encoding="UTF-8"?>
<!-- Generated by org.testng.reporters.JUnitXMLReporter -->
<testsuite ignored="1" hostname="LAPTOP-LHENKSOG" failures="1" tests="1" name="DemoWebShopTest" time="0.062" errors="0" timestamp="2025-05-25T16:06:06 IST">
  <testcase classname="com.DemoWebShop.test.TestRegisterNewUser" name="loginNewUser" time="0.023">
    <failure type="java.lang.NullPointerException" message="Cannot read field &amp;quot;loginLink&amp;quot; because &amp;quot;this.homePage&amp;quot; is null">
      <![CDATA[java.lang.NullPointerException: Cannot read field "loginLink" because "this.homePage" is null
at com.DemoWebShop.test.TestRegisterNewUser.loginNewUser(TestRegisterNewUser.java:52)
at java.base/java.util.ArrayList.forEach(ArrayList.java:1596)
... Removed 25 stack frames]]>
    </failure>
  </testcase> <!-- loginNewUser -->
  <testcase classname="com.DemoWebShop.test.TestRegisterNewUser" name="registerNewUser" time="0.0">
    <ignored/>
  </testcase> <!-- registerNewUser -->
</testsuite> <!-- DemoWebShopTest -->
