<?xml version="1.0" encoding="UTF-8"?>
<!-- Generated by org.testng.reporters.JUnitXMLReporter -->
<testsuite ignored="1" hostname="LAPTOP-LHENKSOG" failures="0" tests="2" name="loginNewUser" time="20.205" errors="0" timestamp="2025-07-20T13:39:25 IST">
  <testcase classname="com.DemoWebShop.test.TestRegisterNewUser" name="loginNewUser" time="1.809"/>
  <testcase classname="com.DemoWebShop.test.TestAddBookInCart" name="addBookInCart" time="7.039"/>
  <testcase classname="com.DemoWebShop.test.TestRegisterNewUser" name="registerNewUser" time="0.0">
    <ignored/>
  </testcase> <!-- registerNewUser -->
</testsuite> <!-- loginNewUser -->
