<?xml version="1.0" encoding="UTF-8"?>
<!-- Generated by org.testng.reporters.JUnitXMLReporter -->
<testsuite ignored="1" hostname="LAPTOP-LHENKSOG" failures="0" tests="1" name="TestRegisterNewUser" time="7.322" errors="0" timestamp="2025-05-25T15:55:15 IST">
  <testcase classname="com.DemoWebShop.test.TestRegisterNewUser" name="loginNewUser" time="1.767"/>
  <testcase classname="com.DemoWebShop.test.TestRegisterNewUser" name="registerNewUser" time="0.0">
    <ignored/>
  </testcase> <!-- registerNewUser -->
</testsuite> <!-- TestRegisterNewUser -->
